<?xml version="1.0" encoding="UTF-8"?>
<!-- Generated by org.testng.reporters.JUnitReportReporter -->
<testsuite hostname="LAPTOP-U498G5JN" failures="0" tests="1" name="base.WebPOM.AppTest" time="0.008" errors="0" timestamp="2020-09-18T18:28:44 IST" skipped="0">
  <testcase classname="base.WebPOM.AppTest" name="shouldAnswerWithTrue" time="0.008"/>
  <system-out/>
</testsuite> <!-- base.WebPOM.AppTest -->
